<?xml version="1.0" encoding="UTF-8"?>
<!-- Generated by org.testng.reporters.JUnitReportReporter -->
<testsuite skipped="0" hostname="WIN-GEDESCREUP8" name="TestRunner" tests="2" failures="0" timestamp="25 Feb 2018 17:31:47 GMT" time="0.031" errors="1">
  <testcase name="f" time="0.000" classname="TestRunner"/>
  <testcase name="runScenario" time="0.031" classname="TestRunner">
    <error/>
  </testcase> <!-- runScenario -->
</testsuite> <!-- TestRunner -->
