<?xml version="1.0" encoding="UTF-8"?>
<!-- Generated by org.testng.reporters.JUnitReportReporter -->
<testsuite skipped="0" hostname="WIN-GEDESCREUP8" name="runnerPackage.TestRunner" tests="1" failures="0" timestamp="25 Feb 2018 18:08:13 GMT" time="3.485" errors="0">
  <testcase name="runScenario" time="3.485" classname="runnerPackage.TestRunner"/>
</testsuite> <!-- runnerPackage.TestRunner -->
