<?xml version="1.0" encoding="UTF-8"?>
<!-- Generated by org.testng.reporters.JUnitReportReporter -->
<testsuite skipped="0" hostname="WIN-GEDESCREUP8" name="runnerPackage.TestRunner" tests="1" failures="0" timestamp="25 Feb 2018 20:10:54 GMT" time="3.897" errors="0">
  <testcase name="runScenario" time="3.897" classname="runnerPackage.TestRunner"/>
</testsuite> <!-- runnerPackage.TestRunner -->
